Arguments: 
  C:\Program Files\nodejs\node.exe C:\Users\Yesenia\AppData\Roaming\npm\node_modules\yarn\bin\yarn.js start

PATH: 
  C:\Program Files\Git\mingw64\bin;C:\Program Files\Git\usr\bin;C:\Users\Yesenia\bin;C:\ProgramData\Oracle\Java\javapath;C:\Program Files (x86)\Intel\iCLS Client;C:\Program Files\Intel\iCLS Client;C:\WINDOWS\system32;C:\WINDOWS;C:\WINDOWS\System32\Wbem;C:\WINDOWS\System32\WindowsPowerShell\v1.0;C:\Program Files\Git\cmd;C:\Program Files\nodejs;C:\Program Files (x86)\Intel\Intel(R) Management Engine Components\DAL;C:\Program Files\Intel\Intel(R) Management Engine Components\DAL;C:\Program Files (x86)\Intel\Intel(R) Management Engine Components\IPT;C:\Program Files\Intel\Intel(R) Management Engine Components\IPT;C:\ProgramData\chocolatey\bin;C:\Program Files\MongoDB\Server\3.6\bin;C:\Program Files\RedHat\java-1.8.0-openjdk-1.8.0.161-1\bin;C:\Users\Yesenia\AppData\Local\Microsoft\WindowsApps;C:\Program Files\Heroku\bin;C:\Users\Yesenia\AppData\Roaming\npm;C:\Users\Yesenia\AppData\Roaming\Dashlane\5.3.2.14186\bin\Firefox_Extension\{442718d9-475e-452a-b3e1-fb1ee16b8e9f}\components;C:\Users\Yesenia\AppData\Roaming\Dashlane\5.3.2.14186\ucrt;C:\Program Files\Microsoft VS Code\bin

Yarn version: 
  1.5.1

Node version: 
  6.11.4

Platform: 
  win32 x64

npm manifest: 
  No manifest

yarn manifest: 
  No manifest

Lockfile: 
  No lockfile

Trace: 
  Error: Couldn't find a package.json file in "C:\\Users\\Yesenia\\Desktop\\ycoughlinPort"
      at MessageError.Error (native)
      at new MessageError (C:\Users\Yesenia\AppData\Roaming\npm\node_modules\yarn\lib\cli.js:186:110)
      at C:\Users\Yesenia\AppData\Roaming\npm\node_modules\yarn\lib\cli.js:40048:15
      at next (native)
      at step (C:\Users\Yesenia\AppData\Roaming\npm\node_modules\yarn\lib\cli.js:98:30)
      at C:\Users\Yesenia\AppData\Roaming\npm\node_modules\yarn\lib\cli.js:109:13
